[2021-05-25T14:53:42.687] [DEBUG] cheese - login => username:admin,password:123456
[2021-05-25T14:53:42.688] [DEBUG] cheese - admin
[2021-05-25T14:53:42.703] [DEBUG] cheese - null
[2021-05-25T14:53:42.703] [DEBUG] cheese - null
[2021-10-06T08:54:24.025] [DEBUG] cheese - login => username:12321,password:1212121
[2021-10-06T08:54:24.027] [DEBUG] cheese - 12321
[2021-10-06T08:54:24.058] [DEBUG] cheese - null
[2021-10-06T08:54:24.059] [DEBUG] cheese - null
[2021-10-06T08:55:00.747] [DEBUG] cheese - login => username:12321,password:222222
[2021-10-06T08:55:00.747] [DEBUG] cheese - 12321
[2021-10-06T08:55:00.752] [DEBUG] cheese - null
[2021-10-06T08:55:00.753] [DEBUG] cheese - null
[2021-10-06T08:55:20.734] [DEBUG] cheese - login => username:12121,password:222222222222
[2021-10-06T08:55:20.734] [DEBUG] cheese - 12121
[2021-10-06T08:55:20.741] [DEBUG] cheese - null
[2021-10-06T08:55:20.742] [DEBUG] cheese - null
[2021-10-06T08:55:36.681] [DEBUG] cheese - login => username:111111,password:1111111111111
[2021-10-06T08:55:36.682] [DEBUG] cheese - 111111
[2021-10-06T08:55:36.688] [DEBUG] cheese - null
[2021-10-06T08:55:36.688] [DEBUG] cheese - null
[2021-10-06T08:56:52.152] [DEBUG] cheese - login => username:11111,password:22222222
[2021-10-06T08:56:52.154] [DEBUG] cheese - 11111
[2021-10-06T08:56:52.157] [DEBUG] cheese - null
[2021-10-06T08:56:52.157] [DEBUG] cheese - null
[2021-10-06T09:00:00.028] [DEBUG] cheese - login => username:admin,password:123456
[2021-10-06T09:00:00.028] [DEBUG] cheese - admin
[2021-10-06T09:00:00.037] [DEBUG] cheese - null
[2021-10-06T09:00:00.037] [DEBUG] cheese - null
[2021-10-06T09:02:31.483] [DEBUG] cheese - login => username:admin,password:123456
[2021-10-06T09:02:31.483] [DEBUG] cheese - admin
[2021-10-06T09:02:31.491] [DEBUG] cheese - null
[2021-10-06T09:02:31.491] [DEBUG] cheese - null
[2021-10-06T09:06:21.369] [DEBUG] cheese - login => username:admin,password:123456
[2021-10-06T09:06:21.369] [DEBUG] cheese - admin
[2021-10-06T09:06:21.374] [DEBUG] cheese - null
[2021-10-06T09:06:21.374] [DEBUG] cheese - null
[2021-10-06T09:18:33.782] [DEBUG] cheese - login => username:admin,password:123456
[2021-10-06T09:18:33.782] [DEBUG] cheese - admin
[2021-10-06T09:18:33.788] [DEBUG] cheese - null
[2021-10-06T09:18:33.788] [DEBUG] cheese - null
[2021-10-06T09:22:35.224] [DEBUG] cheese - login => username:admin,password:123456
[2021-10-06T09:22:35.224] [DEBUG] cheese - admin
[2021-10-06T09:22:35.230] [DEBUG] cheese - null
[2021-10-06T09:22:35.230] [DEBUG] cheese - null
[2021-10-06T09:32:51.433] [DEBUG] cheese - login => username:admin,password:123456
[2021-10-06T09:32:51.433] [DEBUG] cheese - admin
[2021-10-06T09:32:51.439] [DEBUG] cheese - null
[2021-10-06T09:32:51.439] [DEBUG] cheese - null
[2021-10-06T09:47:41.809] [DEBUG] cheese - login => username:admin,password:123456
[2021-10-06T09:47:41.809] [DEBUG] cheese - admin
[2021-10-06T09:47:41.815] [DEBUG] cheese - null
[2021-10-06T09:47:41.815] [DEBUG] cheese - null
[2021-10-06T10:55:19.021] [DEBUG] cheese - login => username:admin,password:123456
[2021-10-06T10:55:19.023] [DEBUG] cheese - admin
[2021-10-06T10:55:19.037] [DEBUG] cheese - null
[2021-10-06T10:55:19.037] [DEBUG] cheese - null
[2021-10-06T12:25:36.809] [DEBUG] cheese - login => username:admin,password:123456
[2021-10-06T12:25:36.811] [DEBUG] cheese - admin
[2021-10-06T12:25:36.823] [DEBUG] cheese - null
[2021-10-06T12:25:36.823] [DEBUG] cheese - null
[2021-10-06T19:45:50.503] [DEBUG] cheese - login => username:admin,password:123456
[2021-10-06T19:45:50.504] [DEBUG] cheese - admin
[2021-10-06T19:45:50.511] [DEBUG] cheese - null
[2021-10-06T19:45:50.511] [DEBUG] cheese - null
[2021-10-06T22:40:10.046] [DEBUG] cheese - login => username:admin,password:123456
[2021-10-06T22:40:10.048] [DEBUG] cheese - admin
[2021-10-06T22:40:10.052] [DEBUG] cheese - null
[2021-10-06T22:40:10.052] [DEBUG] cheese - null
[2021-10-07T09:45:37.468] [DEBUG] cheese - null
[2021-10-07T09:49:22.993] [DEBUG] cheese - null
[2021-10-07T09:50:59.143] [DEBUG] cheese - null
[2021-10-07T17:41:16.611] [DEBUG] cheese - login => username:admin,password:123456
[2021-10-07T17:41:16.614] [DEBUG] cheese - admin
[2021-10-07T17:41:16.620] [DEBUG] cheese - null
[2021-10-07T17:41:16.621] [DEBUG] cheese - null
[2021-10-08T10:59:05.694] [DEBUG] cheese - login => username:admin,password:123456
[2021-10-08T10:59:05.697] [DEBUG] cheese - admin
[2021-10-08T10:59:05.717] [DEBUG] cheese - null
[2021-10-08T10:59:05.718] [DEBUG] cheese - null
[2021-10-08T20:24:30.365] [DEBUG] cheese - login => username:admin,password:123456
[2021-10-08T20:24:30.366] [DEBUG] cheese - admin
[2021-10-08T20:24:30.372] [DEBUG] cheese - null
[2021-10-08T20:24:30.373] [DEBUG] cheese - null
[2021-10-08T22:48:16.541] [DEBUG] cheese - login => username:admin,password:123456
[2021-10-08T22:48:16.544] [DEBUG] cheese - admin
[2021-10-08T22:48:16.549] [DEBUG] cheese - null
[2021-10-08T22:48:16.550] [DEBUG] cheese - null
[2021-10-08T22:49:26.630] [DEBUG] cheese - login => username:admin,password:123456
[2021-10-08T22:49:26.632] [DEBUG] cheese - admin
[2021-10-08T22:49:26.639] [DEBUG] cheese - null
[2021-10-08T22:49:26.639] [DEBUG] cheese - null
[2021-10-08T23:19:07.207] [DEBUG] cheese - login => username:admin,password:123456
[2021-10-08T23:19:07.212] [DEBUG] cheese - admin
[2021-10-08T23:19:07.223] [DEBUG] cheese - null
[2021-10-08T23:19:07.224] [DEBUG] cheese - null
[2021-10-08T23:55:16.732] [DEBUG] cheese - null
[2021-10-09T00:00:26.386] [DEBUG] cheese - null
[2021-10-09T10:55:31.424] [DEBUG] cheese - null
[2021-10-09T11:24:38.241] [DEBUG] cheese - null
[2021-10-09T20:17:55.646] [DEBUG] cheese - login => username:admin,password:123456
[2021-10-09T20:17:55.652] [DEBUG] cheese - admin
[2021-10-09T20:17:55.666] [DEBUG] cheese - null
[2021-10-09T20:17:55.667] [DEBUG] cheese - null
[2021-10-09T21:19:36.859] [DEBUG] cheese - login => username:admin,password:123456
[2021-10-09T21:19:36.864] [DEBUG] cheese - admin
[2021-10-09T21:19:36.871] [DEBUG] cheese - null
[2021-10-09T21:19:36.872] [DEBUG] cheese - null
[2021-10-09T21:56:25.217] [DEBUG] cheese - login => username:admin,password:123456
[2021-10-09T21:56:25.217] [DEBUG] cheese - admin
[2021-10-09T21:56:25.225] [DEBUG] cheese - null
[2021-10-09T21:56:25.226] [DEBUG] cheese - null
[2021-10-09T21:58:47.306] [DEBUG] cheese - login => username:admin,password:123456
[2021-10-09T21:58:47.308] [DEBUG] cheese - admin
[2021-10-09T21:58:47.316] [DEBUG] cheese - null
[2021-10-09T21:58:47.317] [DEBUG] cheese - null
[2021-10-09T22:25:03.586] [DEBUG] cheese - login => username:admin,password:123456
[2021-10-09T22:25:03.590] [DEBUG] cheese - admin
[2021-10-09T22:25:03.595] [DEBUG] cheese - null
[2021-10-09T22:25:03.595] [DEBUG] cheese - null
[2021-10-23T00:10:35.815] [DEBUG] cheese - login => username:admin,password:123456
[2021-10-23T00:10:35.817] [DEBUG] cheese - admin
[2021-10-23T00:10:35.833] [DEBUG] cheese - null
[2021-10-23T00:10:35.834] [DEBUG] cheese - null
[2021-10-30T11:06:56.549] [DEBUG] cheese - login => username:admin,password:123456
[2021-10-30T11:06:56.551] [DEBUG] cheese - admin
[2021-10-30T11:06:56.565] [DEBUG] cheese - null
[2021-10-30T11:06:56.565] [DEBUG] cheese - null
[2021-10-30T13:46:26.455] [DEBUG] cheese - login => username:admin,password:123456
[2021-10-30T13:46:26.458] [DEBUG] cheese - admin
[2021-10-30T13:46:26.465] [DEBUG] cheese - null
[2021-10-30T13:46:26.466] [DEBUG] cheese - null
[2021-11-02T09:52:48.262] [DEBUG] cheese - login => username:admin,password:123456
[2021-11-02T09:52:48.265] [DEBUG] cheese - admin
[2021-11-02T09:52:48.290] [DEBUG] cheese - null
[2021-11-02T09:52:48.292] [DEBUG] cheese - null
[2021-11-13T11:36:58.385] [DEBUG] cheese - login => username:admin,password:123456
[2021-11-13T11:36:58.388] [DEBUG] cheese - admin
[2021-11-13T11:36:58.440] [DEBUG] cheese - null
[2021-11-13T11:36:58.440] [DEBUG] cheese - null
[2021-11-13T11:41:16.994] [DEBUG] cheese - null
[2021-11-13T11:47:01.454] [DEBUG] cheese - login => username:admin,password:123456
[2021-11-13T11:47:01.455] [DEBUG] cheese - admin
[2021-11-13T11:47:01.460] [DEBUG] cheese - null
[2021-11-13T11:47:01.460] [DEBUG] cheese - null
[2021-11-13T12:51:01.647] [DEBUG] cheese - login => username:admin,password:123456
[2021-11-13T12:51:01.650] [DEBUG] cheese - admin
[2021-11-13T12:51:01.658] [DEBUG] cheese - null
[2021-11-13T12:51:01.659] [DEBUG] cheese - null
[2022-07-12T20:06:57.482] [DEBUG] cheese - login => username:admin,password:123456
[2022-07-12T20:06:57.483] [DEBUG] cheese - admin
[2022-07-12T20:06:57.498] [DEBUG] cheese - null
[2022-07-12T20:06:57.499] [DEBUG] cheese - null
